ERROR:root:
ERROR FOR RUN: c91fb5bd0fba4a379e6baad876ed5cd1
ERROR:root:Pattern library is not installed. Pattern library is needed in order to use lemmatize function
Traceback (most recent call last):
  File "run.py", line 59, in run_pipe
    train = sv.vectorize(train, vectorizer_name=VECTORIZER_NAME)
  File "/home/kaigorodov/myprojects/MedConcNorm/src/data/sentence_vectorizer.py", line 171, in vectorize
    data = self.vectorize_sent_ft(data, use_facebook_ft=True)
  File "/home/kaigorodov/myprojects/MedConcNorm/src/data/sentence_vectorizer.py", line 88, in vectorize_sent_ft
    data[feat_col+'_vec'] = data[feat_col].apply(lambda x: sent2vec(x))
  File "/home/kaigorodov/.local/lib/python3.6/site-packages/pandas/core/series.py", line 4213, in apply
    mapped = lib.map_infer(values, f, convert=convert_dtype)
  File "pandas/_libs/lib.pyx", line 2403, in pandas._libs.lib.map_infer
  File "/home/kaigorodov/myprojects/MedConcNorm/src/data/sentence_vectorizer.py", line 88, in <lambda>
    data[feat_col+'_vec'] = data[feat_col].apply(lambda x: sent2vec(x))
  File "/home/kaigorodov/myprojects/MedConcNorm/src/data/sentence_vectorizer.py", line 84, in sent2vec
    sent = self.word_tokenizer.tokenize(sent)
  File "/home/kaigorodov/myprojects/MedConcNorm/src/data/tokenizer.py", line 42, in tokenize
    return self.tokenizer.tokenize(text)
  File "/home/kaigorodov/myprojects/MedConcNorm/src/data/tokenizer.py", line 28, in tokenize
    return [wd.split('/')[0] for wd in lemmatize(text)]
  File "/home/kaigorodov/.local/lib/python3.6/site-packages/gensim/utils.py", line 1692, in lemmatize
    "Pattern library is not installed. Pattern library is needed in order to use lemmatize function"
ImportError: Pattern library is not installed. Pattern library is needed in order to use lemmatize function
ERROR:root:
ERROR FOR RUN: 19ae07e9e34b4d5f80385abb9df46b2e
ERROR:root:Pattern library is not installed. Pattern library is needed in order to use lemmatize function
Traceback (most recent call last):
  File "run.py", line 59, in run_pipe
    train = sv.vectorize(train, vectorizer_name=VECTORIZER_NAME)
  File "/home/kaigorodov/myprojects/MedConcNorm/src/data/sentence_vectorizer.py", line 171, in vectorize
    data = self.vectorize_sent_ft(data, use_facebook_ft=True)
  File "/home/kaigorodov/myprojects/MedConcNorm/src/data/sentence_vectorizer.py", line 88, in vectorize_sent_ft
    data[feat_col+'_vec'] = data[feat_col].apply(lambda x: sent2vec(x))
  File "/home/kaigorodov/.local/lib/python3.6/site-packages/pandas/core/series.py", line 4213, in apply
    mapped = lib.map_infer(values, f, convert=convert_dtype)
  File "pandas/_libs/lib.pyx", line 2403, in pandas._libs.lib.map_infer
  File "/home/kaigorodov/myprojects/MedConcNorm/src/data/sentence_vectorizer.py", line 88, in <lambda>
    data[feat_col+'_vec'] = data[feat_col].apply(lambda x: sent2vec(x))
  File "/home/kaigorodov/myprojects/MedConcNorm/src/data/sentence_vectorizer.py", line 84, in sent2vec
    sent = self.word_tokenizer.tokenize(sent)
  File "/home/kaigorodov/myprojects/MedConcNorm/src/data/tokenizer.py", line 42, in tokenize
    return self.tokenizer.tokenize(text)
  File "/home/kaigorodov/myprojects/MedConcNorm/src/data/tokenizer.py", line 28, in tokenize
    return [wd.split('/')[0] for wd in lemmatize(text)]
  File "/home/kaigorodov/.local/lib/python3.6/site-packages/gensim/utils.py", line 1692, in lemmatize
    "Pattern library is not installed. Pattern library is needed in order to use lemmatize function"
ImportError: Pattern library is not installed. Pattern library is needed in order to use lemmatize function
ERROR:root:
ERROR FOR RUN: 1055d78354af4bcfbd083e1d5b0d450d
ERROR:root:Pattern library is not installed. Pattern library is needed in order to use lemmatize function
Traceback (most recent call last):
  File "run.py", line 59, in run_pipe
    train = sv.vectorize(train, vectorizer_name=VECTORIZER_NAME)
  File "/home/kaigorodov/myprojects/MedConcNorm/src/data/sentence_vectorizer.py", line 171, in vectorize
    data = self.vectorize_sent_ft(data, use_facebook_ft=True)
  File "/home/kaigorodov/myprojects/MedConcNorm/src/data/sentence_vectorizer.py", line 88, in vectorize_sent_ft
    data[feat_col+'_vec'] = data[feat_col].apply(lambda x: sent2vec(x))
  File "/home/kaigorodov/.local/lib/python3.6/site-packages/pandas/core/series.py", line 4213, in apply
    mapped = lib.map_infer(values, f, convert=convert_dtype)
  File "pandas/_libs/lib.pyx", line 2403, in pandas._libs.lib.map_infer
  File "/home/kaigorodov/myprojects/MedConcNorm/src/data/sentence_vectorizer.py", line 88, in <lambda>
    data[feat_col+'_vec'] = data[feat_col].apply(lambda x: sent2vec(x))
  File "/home/kaigorodov/myprojects/MedConcNorm/src/data/sentence_vectorizer.py", line 84, in sent2vec
    sent = self.word_tokenizer.tokenize(sent)
  File "/home/kaigorodov/myprojects/MedConcNorm/src/data/tokenizer.py", line 42, in tokenize
    return self.tokenizer.tokenize(text)
  File "/home/kaigorodov/myprojects/MedConcNorm/src/data/tokenizer.py", line 28, in tokenize
    return [wd.split('/')[0] for wd in lemmatize(text)]
  File "/home/kaigorodov/.local/lib/python3.6/site-packages/gensim/utils.py", line 1692, in lemmatize
    "Pattern library is not installed. Pattern library is needed in order to use lemmatize function"
ImportError: Pattern library is not installed. Pattern library is needed in order to use lemmatize function
ERROR:root:
ERROR FOR RUN: 8c47c7981c714f7490551a22f7454a6e
ERROR:root:Pattern library is not installed. Pattern library is needed in order to use lemmatize function
Traceback (most recent call last):
  File "run.py", line 59, in run_pipe
    train = sv.vectorize(train, vectorizer_name=VECTORIZER_NAME)
  File "/home/kaigorodov/myprojects/MedConcNorm/src/data/sentence_vectorizer.py", line 171, in vectorize
    data = self.vectorize_sent_ft(data, use_facebook_ft=True)
  File "/home/kaigorodov/myprojects/MedConcNorm/src/data/sentence_vectorizer.py", line 88, in vectorize_sent_ft
    data[feat_col+'_vec'] = data[feat_col].apply(lambda x: sent2vec(x))
  File "/home/kaigorodov/.local/lib/python3.6/site-packages/pandas/core/series.py", line 4213, in apply
    mapped = lib.map_infer(values, f, convert=convert_dtype)
  File "pandas/_libs/lib.pyx", line 2403, in pandas._libs.lib.map_infer
  File "/home/kaigorodov/myprojects/MedConcNorm/src/data/sentence_vectorizer.py", line 88, in <lambda>
    data[feat_col+'_vec'] = data[feat_col].apply(lambda x: sent2vec(x))
  File "/home/kaigorodov/myprojects/MedConcNorm/src/data/sentence_vectorizer.py", line 84, in sent2vec
    sent = self.word_tokenizer.tokenize(sent)
  File "/home/kaigorodov/myprojects/MedConcNorm/src/data/tokenizer.py", line 42, in tokenize
    return self.tokenizer.tokenize(text)
  File "/home/kaigorodov/myprojects/MedConcNorm/src/data/tokenizer.py", line 28, in tokenize
    return [wd.split('/')[0] for wd in lemmatize(text)]
  File "/home/kaigorodov/.local/lib/python3.6/site-packages/gensim/utils.py", line 1692, in lemmatize
    "Pattern library is not installed. Pattern library is needed in order to use lemmatize function"
ImportError: Pattern library is not installed. Pattern library is needed in order to use lemmatize function
